0 info it worked if it ends with ok
1 verbose cli [ '/Users/matthewmacartney/.nvm/versions/node/v6.10.0/bin/node',
1 verbose cli   '/Users/matthewmacartney/.nvm/versions/node/v6.10.0/bin/npm',
1 verbose cli   'start' ]
2 info using npm@3.10.10
3 info using node@v6.10.0
4 verbose run-script [ 'prestart', 'start', 'poststart' ]
5 info lifecycle testing-form@1.0.0~prestart: testing-form@1.0.0
6 silly lifecycle testing-form@1.0.0~prestart: no script for prestart, continuing
7 info lifecycle testing-form@1.0.0~start: testing-form@1.0.0
8 verbose lifecycle testing-form@1.0.0~start: unsafe-perm in lifecycle true
9 verbose lifecycle testing-form@1.0.0~start: PATH: /Users/matthewmacartney/.nvm/versions/node/v6.10.0/lib/node_modules/npm/bin/node-gyp-bin:/Users/matthewmacartney/Development/Personal/camel/node_modules/.bin:/Users/matthewmacartney/.nvm/versions/node/v6.10.0/bin:/Users/matthewmacartney/.avn/bin:/usr/local/bin:/usr/bin:/bin:/usr/sbin:/sbin
10 verbose lifecycle testing-form@1.0.0~start: CWD: /Users/matthewmacartney/Development/Personal/camel
11 silly lifecycle testing-form@1.0.0~start: Args: [ '-c', 'node website.js' ]
12 silly lifecycle testing-form@1.0.0~start: Returned: code: 1  signal: null
13 info lifecycle testing-form@1.0.0~start: Failed to exec start script
14 verbose stack Error: testing-form@1.0.0 start: `node website.js`
14 verbose stack Exit status 1
14 verbose stack     at EventEmitter.<anonymous> (/Users/matthewmacartney/.nvm/versions/node/v6.10.0/lib/node_modules/npm/lib/utils/lifecycle.js:255:16)
14 verbose stack     at emitTwo (events.js:106:13)
14 verbose stack     at EventEmitter.emit (events.js:191:7)
14 verbose stack     at ChildProcess.<anonymous> (/Users/matthewmacartney/.nvm/versions/node/v6.10.0/lib/node_modules/npm/lib/utils/spawn.js:40:14)
14 verbose stack     at emitTwo (events.js:106:13)
14 verbose stack     at ChildProcess.emit (events.js:191:7)
14 verbose stack     at maybeClose (internal/child_process.js:877:16)
14 verbose stack     at Process.ChildProcess._handle.onexit (internal/child_process.js:226:5)
15 verbose pkgid testing-form@1.0.0
16 verbose cwd /Users/matthewmacartney/Development/Personal/camel
17 error Darwin 16.5.0
18 error argv "/Users/matthewmacartney/.nvm/versions/node/v6.10.0/bin/node" "/Users/matthewmacartney/.nvm/versions/node/v6.10.0/bin/npm" "start"
19 error node v6.10.0
20 error npm  v3.10.10
21 error code ELIFECYCLE
22 error testing-form@1.0.0 start: `node website.js`
22 error Exit status 1
23 error Failed at the testing-form@1.0.0 start script 'node website.js'.
23 error Make sure you have the latest version of node.js and npm installed.
23 error If you do, this is most likely a problem with the testing-form package,
23 error not with npm itself.
23 error Tell the author that this fails on your system:
23 error     node website.js
23 error You can get information on how to open an issue for this project with:
23 error     npm bugs testing-form
23 error Or if that isn't available, you can get their info via:
23 error     npm owner ls testing-form
23 error There is likely additional logging output above.
24 verbose exit [ 1, true ]
